<?xml version="1.0" encoding="UTF-8"?>
<!-- Generated by org.testng.reporters.JUnitReportReporter -->
<testsuite skipped="0" hostname="DESKTOP-MQIEG42" name="webdriverTraining.RijksoverheidNieuwsbriefTestNG" tests="2" failures="0" timestamp="20 Aug 2017 15:00:21 GMT" time="22.243" errors="0">
  <testcase name="SuccessvolAanmeldenNieuwsbriefRijksoverheid" time="10.852" classname="webdriverTraining.RijksoverheidNieuwsbriefTestNG"/>
  <testcase name="NietSuccesvolAanmeldenNieuwsbriefRijksoverheidDoorOntbrekenEmailadres" time="11.391" classname="webdriverTraining.RijksoverheidNieuwsbriefTestNG"/>
</testsuite> <!-- webdriverTraining.RijksoverheidNieuwsbriefTestNG -->
