<?xml version="1.0" encoding="UTF-8"?>
<!-- Generated by org.testng.reporters.JUnitReportReporter -->
<testsuite skipped="0" hostname="DESKTOP-MQIEG42" name="rijksoverheidPO.RijksoverheidNieuwsbriefPOTest" tests="1" failures="0" timestamp="20 Aug 2017 18:20:24 GMT" time="12.612" errors="0">
  <testcase name="NietSuccesvolAanmeldenNieuwsbriefRijksoverheidDoorOntbrekenEmailadres" time="12.612" classname="rijksoverheidPO.RijksoverheidNieuwsbriefPOTest"/>
</testsuite> <!-- rijksoverheidPO.RijksoverheidNieuwsbriefPOTest -->
